2023-06-23T16:49:14.232+06:00 ERROR 109950 --- [restartedMain] o.s.b.d.LoggingFailureAnalysisReporter   : 

***************************
APPLICATION FAILED TO START
***************************

Description:

Failed to bind properties under 'logging.level.root' to org.springframework.boot.logging.LogLevel:

    Property: logging.level.root
    Value: "--full-stacktrace"
    Origin: class path resource [application.properties] - 20:20
    Reason: failed to convert java.lang.String to org.springframework.boot.logging.LogLevel (caused by java.lang.IllegalArgumentException: No enum constant org.springframework.boot.logging.LogLevel.--full-stacktrace)

Action:

Update your application's configuration. The following values are valid:

    DEBUG
    ERROR
    FATAL
    INFO
    OFF
    TRACE
    WARN

2023-06-23T16:55:49.045+06:00 ERROR 111835 --- [restartedMain] o.s.b.d.LoggingFailureAnalysisReporter   : 

***************************
APPLICATION FAILED TO START
***************************

Description:

Failed to bind properties under 'logging.level.root' to org.springframework.boot.logging.LogLevel:

    Property: logging.level.root
    Value: "--full-stacktrace"
    Origin: class path resource [application.properties] - 20:20
    Reason: failed to convert java.lang.String to org.springframework.boot.logging.LogLevel (caused by java.lang.IllegalArgumentException: No enum constant org.springframework.boot.logging.LogLevel.--full-stacktrace)

Action:

Update your application's configuration. The following values are valid:

    DEBUG
    ERROR
    FATAL
    INFO
    OFF
    TRACE
    WARN

2023-06-23T16:56:19.386+06:00  INFO 112097 --- [restartedMain] N.L.LoyaltySystemApplication             : Starting LoyaltySystemApplication using Java 19.0.2 with PID 112097 (/home/ivan/PetProjects/LoyaltySystem/build/classes/java/main started by ivan in /home/ivan/PetProjects/LoyaltySystem)
2023-06-23T16:56:19.389+06:00  INFO 112097 --- [restartedMain] N.L.LoyaltySystemApplication             : No active profile set, falling back to 1 default profile: "default"
2023-06-23T16:56:19.584+06:00  INFO 112097 --- [restartedMain] .e.DevToolsPropertyDefaultsPostProcessor : Devtools property defaults active! Set 'spring.devtools.add-properties' to 'false' to disable
2023-06-23T16:56:19.584+06:00  INFO 112097 --- [restartedMain] .e.DevToolsPropertyDefaultsPostProcessor : For additional web related logging consider setting the 'logging.level.web' property to 'DEBUG'
2023-06-23T16:56:20.251+06:00  INFO 112097 --- [restartedMain] .s.d.r.c.RepositoryConfigurationDelegate : Bootstrapping Spring Data JPA repositories in DEFAULT mode.
2023-06-23T16:56:20.311+06:00  INFO 112097 --- [restartedMain] .s.d.r.c.RepositoryConfigurationDelegate : Finished Spring Data repository scanning in 55 ms. Found 11 JPA repository interfaces.
2023-06-23T16:56:20.840+06:00  INFO 112097 --- [restartedMain] o.s.b.w.embedded.tomcat.TomcatWebServer  : Tomcat initialized with port(s): 8080 (http)
2023-06-23T16:56:20.851+06:00  INFO 112097 --- [restartedMain] o.apache.catalina.core.StandardService   : Starting service [Tomcat]
2023-06-23T16:56:20.851+06:00  INFO 112097 --- [restartedMain] o.apache.catalina.core.StandardEngine    : Starting Servlet engine: [Apache Tomcat/10.1.8]
2023-06-23T16:56:20.890+06:00  INFO 112097 --- [restartedMain] o.a.c.c.C.[Tomcat].[localhost].[/]       : Initializing Spring embedded WebApplicationContext
2023-06-23T16:56:20.890+06:00  INFO 112097 --- [restartedMain] w.s.c.ServletWebServerApplicationContext : Root WebApplicationContext: initialization completed in 1305 ms
2023-06-23T16:56:21.045+06:00  INFO 112097 --- [restartedMain] o.hibernate.jpa.internal.util.LogHelper  : HHH000204: Processing PersistenceUnitInfo [name: default]
2023-06-23T16:56:21.089+06:00  INFO 112097 --- [restartedMain] org.hibernate.Version                    : HHH000412: Hibernate ORM core version 6.1.7.Final
2023-06-23T16:56:21.286+06:00  INFO 112097 --- [restartedMain] com.zaxxer.hikari.HikariDataSource       : HikariPool-1 - Starting...
2023-06-23T16:56:21.503+06:00  INFO 112097 --- [restartedMain] com.zaxxer.hikari.pool.HikariPool        : HikariPool-1 - Added connection com.mysql.cj.jdbc.ConnectionImpl@141b1904
2023-06-23T16:56:21.505+06:00  INFO 112097 --- [restartedMain] com.zaxxer.hikari.HikariDataSource       : HikariPool-1 - Start completed.
2023-06-23T16:56:21.545+06:00  INFO 112097 --- [restartedMain] SQL dialect                              : HHH000400: Using dialect: org.hibernate.dialect.MySQLDialect
2023-06-23T16:56:22.432+06:00  INFO 112097 --- [restartedMain] o.h.e.t.j.p.i.JtaPlatformInitiator       : HHH000490: Using JtaPlatform implementation: [org.hibernate.engine.transaction.jta.platform.internal.NoJtaPlatform]
2023-06-23T16:56:22.439+06:00  INFO 112097 --- [restartedMain] j.LocalContainerEntityManagerFactoryBean : Initialized JPA EntityManagerFactory for persistence unit 'default'
2023-06-23T16:56:23.265+06:00  WARN 112097 --- [restartedMain] JpaBaseConfiguration$JpaWebConfiguration : spring.jpa.open-in-view is enabled by default. Therefore, database queries may be performed during view rendering. Explicitly configure spring.jpa.open-in-view to disable this warning
2023-06-23T16:56:23.374+06:00  INFO 112097 --- [restartedMain] o.s.s.web.DefaultSecurityFilterChain     : Will secure any request with [org.springframework.security.web.session.DisableEncodeUrlFilter@6c2baece, org.springframework.security.web.context.request.async.WebAsyncManagerIntegrationFilter@7b05cb20, org.springframework.security.web.context.SecurityContextHolderFilter@5b8b0422, org.springframework.security.web.header.HeaderWriterFilter@164b630f, org.springframework.security.web.csrf.CsrfFilter@dc2d51, org.springframework.security.web.authentication.logout.LogoutFilter@2c496da7, org.springframework.security.web.authentication.UsernamePasswordAuthenticationFilter@15eb528a, org.springframework.security.web.savedrequest.RequestCacheAwareFilter@18ddc136, org.springframework.security.web.servletapi.SecurityContextHolderAwareRequestFilter@3a86fa61, org.springframework.security.web.authentication.AnonymousAuthenticationFilter@7aaea052, org.springframework.security.web.access.ExceptionTranslationFilter@546ffc92]
2023-06-23T16:56:23.549+06:00  INFO 112097 --- [restartedMain] o.s.b.a.w.s.WelcomePageHandlerMapping    : Adding welcome page template: index
2023-06-23T16:56:24.241+06:00  INFO 112097 --- [restartedMain] o.s.b.d.a.OptionalLiveReloadServer       : LiveReload server is running on port 35729
2023-06-23T16:56:24.277+06:00  INFO 112097 --- [restartedMain] o.s.b.w.embedded.tomcat.TomcatWebServer  : Tomcat started on port(s): 8080 (http) with context path ''
2023-06-23T16:56:24.289+06:00  INFO 112097 --- [restartedMain] N.L.LoyaltySystemApplication             : Started LoyaltySystemApplication in 5.204 seconds (process running for 5.748)
